<?xml version="1.0" encoding="UTF-8"?>
<testng-results skipped="0" failed="0" ignored="0" total="1" passed="1">
  <reporter-output>
    <line>
      <![CDATA[Attach testcases screenshot to htmlreport]]>
    </line>
  </reporter-output>
  <suite name="Default suite" duration-ms="32322" started-at="2019-06-11T14:00:04Z" finished-at="2019-06-11T14:00:36Z">
    <groups>
    </groups>
    <test name="Default test" duration-ms="32322" started-at="2019-06-11T14:00:04Z" finished-at="2019-06-11T14:00:36Z">
      <class name="com.testexecution.Textrunner">
        <test-method status="PASS" signature="intialexecution()[pri:0, instance:com.testexecution.Textrunner@1ab3a8c8]" name="intialexecution" is-config="true" duration-ms="350" started-at="2019-06-11T14:00:03Z" finished-at="2019-06-11T14:00:04Z">
          <reporter-output>
          </reporter-output>
        </test-method> <!-- intialexecution -->
        <test-method status="PASS" signature="baseexecution()[pri:0, instance:com.testexecution.Textrunner@1ab3a8c8]" name="baseexecution" duration-ms="30837" started-at="2019-06-11T14:00:04Z" finished-at="2019-06-11T14:00:35Z">
          <reporter-output>
          </reporter-output>
        </test-method> <!-- baseexecution -->
        <test-method status="FAIL" signature="screenshotattach(org.testng.ITestResult)[pri:0, instance:com.testexecution.Textrunner@1ab3a8c8]" name="screenshotattach" is-config="true" duration-ms="1426" started-at="2019-06-11T14:00:35Z" finished-at="2019-06-11T14:00:36Z">
          <params>
            <param index="0">
              <value>
                <![CDATA[[TestResult name=baseexecution status=SUCCESS method=Textrunner.baseexecution()[pri:0, instance:com.testexecution.Textrunner@1ab3a8c8] output={null}]]]>
              </value>
            </param>
          </params>
          <exception class="java.lang.NullPointerException">
            <full-stacktrace>
              <![CDATA[java.lang.NullPointerException
at com.testexecution.Basecls.screenshotattach(Basecls.java:44)
at sun.reflect.NativeMethodAccessorImpl.invoke0(Native Method)
at sun.reflect.NativeMethodAccessorImpl.invoke(NativeMethodAccessorImpl.java:62)
at sun.reflect.DelegatingMethodAccessorImpl.invoke(DelegatingMethodAccessorImpl.java:43)
at java.lang.reflect.Method.invoke(Method.java:498)
at org.testng.internal.MethodInvocationHelper.invokeMethod(MethodInvocationHelper.java:124)
at org.testng.internal.MethodInvocationHelper.invokeMethodConsideringTimeout(MethodInvocationHelper.java:59)
at org.testng.internal.Invoker.invokeConfigurationMethod(Invoker.java:458)
at org.testng.internal.Invoker.invokeConfigurations(Invoker.java:222)
at org.testng.internal.Invoker.invokeMethod(Invoker.java:646)
at org.testng.internal.Invoker.invokeTestMethod(Invoker.java:719)
at org.testng.internal.Invoker.invokeTestMethods(Invoker.java:989)
at org.testng.internal.TestMethodWorker.invokeTestMethods(TestMethodWorker.java:125)
at org.testng.internal.TestMethodWorker.run(TestMethodWorker.java:109)
at org.testng.TestRunner.privateRun(TestRunner.java:648)
at org.testng.TestRunner.run(TestRunner.java:505)
at org.testng.SuiteRunner.runTest(SuiteRunner.java:455)
at org.testng.SuiteRunner.runSequentially(SuiteRunner.java:450)
at org.testng.SuiteRunner.privateRun(SuiteRunner.java:415)
at org.testng.SuiteRunner.run(SuiteRunner.java:364)
at org.testng.SuiteRunnerWorker.runSuite(SuiteRunnerWorker.java:52)
at org.testng.SuiteRunnerWorker.run(SuiteRunnerWorker.java:84)
at org.testng.TestNG.runSuitesSequentially(TestNG.java:1208)
at org.testng.TestNG.runSuitesLocally(TestNG.java:1137)
at org.testng.TestNG.runSuites(TestNG.java:1049)
at org.testng.TestNG.run(TestNG.java:1017)
at org.testng.remote.AbstractRemoteTestNG.run(AbstractRemoteTestNG.java:114)
at org.testng.remote.RemoteTestNG.initAndRun(RemoteTestNG.java:251)
at org.testng.remote.RemoteTestNG.main(RemoteTestNG.java:77)
]]>
            </full-stacktrace>
          </exception> <!-- java.lang.NullPointerException -->
          <reporter-output>
            <line>
              <![CDATA[Attach testcases screenshot to htmlreport]]>
            </line>
          </reporter-output>
        </test-method> <!-- screenshotattach -->
      </class> <!-- com.testexecution.Textrunner -->
    </test> <!-- Default test -->
  </suite> <!-- Default suite -->
</testng-results>
